<?xml version="1.0" encoding="UTF-8"?>
<!-- Generated by org.testng.reporters.JUnitXMLReporter -->
<testsuite ignored="0" hostname="DESKTOP-M7324BQ" failures="0" tests="4" name="Test" time="0.191" errors="0" timestamp="2024-03-08T19:12:56 IST">
  <testcase classname="Scipts.Test3" name="tc1" time="0.024"/>
  <testcase classname="Scipts.Test2" name="tc1" time="0.007"/>
  <testcase classname="Scipts.Test1" name="tc1" time="0.004"/>
  <testcase classname="Scipts.Test0" name="tc1" time="0.001"/>
</testsuite> <!-- Test -->
