<?xml version="1.0" encoding="UTF-8"?>
<testng-results ignored="0" total="4" passed="4" failed="0" skipped="0">
  <reporter-output>
    <line>
      <![CDATA[hello API]]>
    </line>
    <line>
      <![CDATA[hello P]]>
    </line>
    <line>
      <![CDATA[hello Selenium]]>
    </line>
    <line>
      <![CDATA[hello java]]>
    </line>
  </reporter-output>
  <suite started-at="2024-03-08T19:12:56 IST" name="Suite" finished-at="2024-03-08T19:12:56 IST" duration-ms="191">
    <groups>
    </groups>
    <test started-at="2024-03-08T19:12:56 IST" name="Test" finished-at="2024-03-08T19:12:56 IST" duration-ms="191">
      <class name="Scipts.Test2">
        <test-method signature="tc1()[pri:0, instance:Scipts.Test2@4d5b6aac]" started-at="2024-03-08T19:12:56 IST" name="tc1" finished-at="2024-03-08T19:12:56 IST" duration-ms="7" status="PASS">
          <reporter-output>
            <line>
              <![CDATA[hello P]]>
            </line>
          </reporter-output>
        </test-method> <!-- tc1 -->
      </class> <!-- Scipts.Test2 -->
      <class name="Scipts.Test3">
        <test-method signature="tc1()[pri:0, instance:Scipts.Test3@d29f28]" started-at="2024-03-08T19:12:56 IST" name="tc1" finished-at="2024-03-08T19:12:56 IST" duration-ms="24" status="PASS">
          <reporter-output>
            <line>
              <![CDATA[hello API]]>
            </line>
          </reporter-output>
        </test-method> <!-- tc1 -->
      </class> <!-- Scipts.Test3 -->
      <class name="Scipts.Test0">
        <test-method signature="tc1()[pri:0, instance:Scipts.Test0@4a7f959b]" started-at="2024-03-08T19:12:56 IST" name="tc1" finished-at="2024-03-08T19:12:56 IST" duration-ms="1" status="PASS">
          <reporter-output>
            <line>
              <![CDATA[hello java]]>
            </line>
          </reporter-output>
        </test-method> <!-- tc1 -->
      </class> <!-- Scipts.Test0 -->
      <class name="Scipts.Test1">
        <test-method signature="tc1()[pri:0, instance:Scipts.Test1@3e84448c]" started-at="2024-03-08T19:12:56 IST" name="tc1" finished-at="2024-03-08T19:12:56 IST" duration-ms="4" status="PASS">
          <reporter-output>
            <line>
              <![CDATA[hello Selenium]]>
            </line>
          </reporter-output>
        </test-method> <!-- tc1 -->
      </class> <!-- Scipts.Test1 -->
    </test> <!-- Test -->
  </suite> <!-- Suite -->
</testng-results>
